<?xml version="1.0" encoding="UTF-8"?>
<Site BuildName="Win32-mingw32-make"
	BuildStamp="20240216-0052-Experimental"
	Name="LAPTOP-IS9QAKH9"
	Generator="ctest-3.29.0-rc1"
	CompilerName="C:/MinGw/bin/g++.exe"
	CompilerVersion="6.3.0"
	OSName="Windows"
	Hostname="LAPTOP-IS9QAKH9"
	OSRelease=" Personal"
	OSVersion=" (Build 19045)"
	OSPlatform="AMD64"
	Is64Bits="1"
	VendorString="GenuineIntel"
	VendorID="Intel Corporation"
	FamilyID="6"
	ModelID="14"
	ProcessorCacheSize="-1"
	NumberOfLogicalCPU="12"
	NumberOfPhysicalCPU="6"
	TotalVirtualMemory="30570"
	TotalPhysicalMemory="16234"
	LogicalProcessorsPerPhysical="2"
	ProcessorClockFrequency="2208"
	>
	<Testing>
		<StartDateTime>Feb 15 20:08 Eastern Standard Time</StartDateTime>
		<StartTestTime>1708045683</StartTestTime>
		<TestList/>
		<EndDateTime>Feb 15 20:08 Eastern Standard Time</EndDateTime>
		<EndTestTime>1708045683</EndTestTime>
		<ElapsedMinutes>0</ElapsedMinutes>
	</Testing>
</Site>
